<html>
<head>
<title>TestNG:  Default test</title>
<link href="../testng.css" rel="stylesheet" type="text/css" />
<link href="../my-testng.css" rel="stylesheet" type="text/css" />

<style type="text/css">
.log { display: none;} 
.stack-trace { display: none;} 
</style>
<script type="text/javascript">
<!--
function flip(e) {
  current = e.style.display;
  if (current == 'block') {
    e.style.display = 'none';
    return 0;
  }
  else {
    e.style.display = 'block';
    return 1;
  }
}

function toggleBox(szDivId, elem, msg1, msg2)
{
  var res = -1;  if (document.getElementById) {
    res = flip(document.getElementById(szDivId));
  }
  else if (document.all) {
    // this is the way old msie versions work
    res = flip(document.all[szDivId]);
  }
  if(elem) {
    if(res == 0) elem.innerHTML = msg1; else elem.innerHTML = msg2;
  }

}

function toggleAllBoxes() {
  if (document.getElementsByTagName) {
    d = document.getElementsByTagName('div');
    for (i = 0; i < d.length; i++) {
      if (d[i].className == 'log') {
        flip(d[i]);
      }
    }
  }
}

// -->
</script>

</head>
<body>
<h2 align='center'>Default test</h2><table border='1' align="center">
<tr>
<td>Tests passed/Failed/Skipped:</td><td>3/3/0</td>
</tr><tr>
<td>Started on:</td><td>Tue Sep 12 17:04:29 IST 2017</td>
</tr>
<tr><td>Total time:</td><td>8 seconds (8216 ms)</td>
</tr><tr>
<td>Included groups:</td><td></td>
</tr><tr>
<td>Excluded groups:</td><td></td>
</tr>
</table><p/>
<small><i>(Hover the method name to see the test class name)</i></small><p/>
<table width='100%' border='1' class='invocation-failed'>
<tr><td colspan='4' align='center'><b>FAILED TESTS</b></td></tr>
<tr><td><b>Test method</b></td>
<td width="30%"><b>Exception</b></td>
<td width="10%"><b>Time (seconds)</b></td>
<td><b>Instance</b></td>
</tr>
<tr>
<td title='testcases.fp.TC_Fp.testSuccess()'><b>testSuccess</b><br>Test class: testcases.fp.TC_Fp<br>Parameters: dialog, http://pranathi.api.staging.airpush.com/dialogad/adcall.php?APIKEY=airpush&appId=45967&imei=21d688d862e84b09bc01e9f7ba8025bd&imei_sha=89142a0596f0b63b308537e1c8a5a41d&token=3c348b0fd1f221c34e0dab7a8991c5b8&request_timestamp=2014-02-04+10%3A10%3A10_USA_GMT&packageName=com.test.sdk&version=17&language=English&country=India&statename=Andhra+Pradesh&carriername=MTNL&countryname=India&carrier=MTNL&networkOperator=MTNL&zip=&phoneModel=Galaxy+S4+-+Verizon&manufacturer=Samsung&ipaddress=181.11.23.95&longitude=0.000000&latitude=0.000000&sdkversion=8.03&wifi=0&useragent=Mozilla%252F5.0%2B%2528Linux%253B%2BU%253B%2BAndroid%2B4.1.2%253B%2Ben-gb%253B%2BC6602%2BBuild%252F10.1.1.A.1.253%2529%2BAppleWebKit%252F534.30%2B%2528KHTML%252C%2Blike%2BGecko%2529%2BVersion%252F4.0%2BMobile%2BSafari%252F534.30&android_id=bf26116c6df30e6cb58425f409aa206a&android_id_sha=21b94065411e83acbf531de57d9fee37&screenSize=1260_1260&deviceUniqueness=serial&networkSubType=&isTablet=false&SD=3.0&isConnectionFast=true&unknownsource=0&appName=Airpush+SDK+6.0&email=glm856%40gmail.com&email_md5=d6c7e534c9957785aa4d7d5148de696e&email_sha=1179e12deacc30d6c0a86c4cbc12aed89c304b1f&dpi=480&sessionId=08e39abc587bf89850fa2159e9c6cad1&locale=en_GB&overwrite_geo_vars=1&isXMLFound=1&qa_test_api&campid=&creatid=</td>
<td><div><pre>java.lang.AssertionError: Body doesnt contain string : {&quot;status&quot;:140,&quot;count&quot;:0,&quot;url&quot;:&quot;&quot;,&quot;message&quot;:&quot;campaign not available&quot;} expected [true] but found [false]
	at org.testng.Assert.fail(Assert.java:93)
	at org.testng.Assert.failNotEquals(Assert.java:512)
	at org.testng.Assert.assertTrue(Assert.java:41)
	at api.controller.response.ApiResponseValidator.expectInBody(ApiResponseValidator.java:52)
	at testcases.fp.TC_Fp.testSuccess(TC_Fp.java:36)
	at sun.reflect.NativeMethodAccessorImpl.invoke0(Native Method)
	at sun.reflect.NativeMethodAccessorImpl.invoke(NativeMethodAccessorImpl.java:62)
	at sun.reflect.DelegatingMethodAccessorImpl.invoke(DelegatingMethodAccessorImpl.java:43)
	at java.lang.reflect.Method.invoke(Method.java:498)
	at org.testng.internal.MethodInvocationHelper.invokeMethod(MethodInvocationHelper.java:108)
	at org.testng.internal.Invoker.invokeMethod(Invoker.java:661)
	at org.testng.internal.Invoker.invokeTestMethod(Invoker.java:869)
	at org.testng.internal.Invoker.invokeTestMethods(Invoker.java:1193)
	at org.testng.internal.TestMethodWorker.invokeTestMethods(TestMethodWorker.java:126)
	at org.testng.internal.TestMethodWorker.run(TestMethodWorker.java:109)
	at org.testng.TestRunner.privateRun(TestRunner.java:744)
	at org.testng.TestRunner.run(TestRunner.java:602)
	at org.testng.SuiteRunner.runTest(SuiteRunner.java:380)
	at org.testng.SuiteRunner.runSequentially(SuiteRunner.java:375)
	at org.testng.SuiteRunner.privateRun(SuiteRunner.java:340)
	at org.testng.SuiteRunner.run(SuiteRunner.java:289)
	at org.testng.SuiteRunnerWorker.runSuite(SuiteRunnerWorker.java:52)
	at org.testng.SuiteRunnerWorker.run(SuiteRunnerWorker.java:86)
	at org.testng.TestNG.runSuitesSequentially(TestNG.java:1301)
	at org.testng.TestNG.runSuitesLocally(TestNG.java:1226)
	at org.testng.TestNG.runSuites(TestNG.java:1144)
	at org.testng.TestNG.run(TestNG.java:1115)
	at org.testng.remote.AbstractRemoteTestNG.run(AbstractRemoteTestNG.java:132)
	at org.testng.remote.RemoteTestNG.initAndRun(RemoteTestNG.java:230)
	at org.testng.remote.RemoteTestNG.main(RemoteTestNG.java:76)
</pre></div><a href='#' onClick='toggleBox("stack-trace1396721535", this, "Click to show all stack frames", "Click to hide stack frames")'>Click to show all stack frames</a>
<div class='stack-trace' id='stack-trace1396721535'><pre>java.lang.AssertionError: Body doesnt contain string : {&quot;status&quot;:140,&quot;count&quot;:0,&quot;url&quot;:&quot;&quot;,&quot;message&quot;:&quot;campaign not available&quot;} expected [true] but found [false]
	at org.testng.Assert.fail(Assert.java:93)
	at org.testng.Assert.failNotEquals(Assert.java:512)
	at org.testng.Assert.assertTrue(Assert.java:41)
	at api.controller.response.ApiResponseValidator.expectInBody(ApiResponseValidator.java:52)
	at testcases.fp.TC_Fp.testSuccess(TC_Fp.java:36)
	at sun.reflect.NativeMethodAccessorImpl.invoke0(Native Method)
	at sun.reflect.NativeMethodAccessorImpl.invoke(NativeMethodAccessorImpl.java:62)
	at sun.reflect.DelegatingMethodAccessorImpl.invoke(DelegatingMethodAccessorImpl.java:43)
	at java.lang.reflect.Method.invoke(Method.java:498)
	at org.testng.internal.MethodInvocationHelper.invokeMethod(MethodInvocationHelper.java:108)
	at org.testng.internal.Invoker.invokeMethod(Invoker.java:661)
	at org.testng.internal.Invoker.invokeTestMethod(Invoker.java:869)
	at org.testng.internal.Invoker.invokeTestMethods(Invoker.java:1193)
	at org.testng.internal.TestMethodWorker.invokeTestMethods(TestMethodWorker.java:126)
	at org.testng.internal.TestMethodWorker.run(TestMethodWorker.java:109)
	at org.testng.TestRunner.privateRun(TestRunner.java:744)
	at org.testng.TestRunner.run(TestRunner.java:602)
	at org.testng.SuiteRunner.runTest(SuiteRunner.java:380)
	at org.testng.SuiteRunner.runSequentially(SuiteRunner.java:375)
	at org.testng.SuiteRunner.privateRun(SuiteRunner.java:340)
	at org.testng.SuiteRunner.run(SuiteRunner.java:289)
	at org.testng.SuiteRunnerWorker.runSuite(SuiteRunnerWorker.java:52)
	at org.testng.SuiteRunnerWorker.run(SuiteRunnerWorker.java:86)
	at org.testng.TestNG.runSuitesSequentially(TestNG.java:1301)
	at org.testng.TestNG.runSuitesLocally(TestNG.java:1226)
	at org.testng.TestNG.runSuites(TestNG.java:1144)
	at org.testng.TestNG.run(TestNG.java:1115)
	at org.testng.remote.AbstractRemoteTestNG.run(AbstractRemoteTestNG.java:132)
	at org.testng.remote.RemoteTestNG.initAndRun(RemoteTestNG.java:230)
	at org.testng.remote.RemoteTestNG.main(RemoteTestNG.java:76)
</pre></div></td>
<td>1</td>
<td>testcases.fp.TC_Fp@4566e5bd</td></tr>
<tr>
<td title='testcases.fp.TC_Fp.testSuccess()'><b>testSuccess</b><br>Test class: testcases.fp.TC_Fp<br>Parameters: icon, http://pranathi.api.staging.airpush.com/v2/api.php?APIKEY=airpush&appId=45967&imei=f97cc7d26d3148c1b20be9d447c33dbd&imei_sha=0993e27ec48d9f38b0b5eb6aa92992cf&token=05c72f2484eb74a3ce6346239d13b5da&request_timestamp=2014-02-04+10%3A10%3A10_USA_GMT&packageName=com.test.sdk&version=17&language=English&country=India&statename=Gujarat&carriername=Vodafone&countryname=India&carrier=Vodafone&networkOperator=Vodafone&zip=&phoneModel=XT502&manufacturer=Motorola&ipaddress=181.11.23.95&longitude=69.706828&latitude=23.239117&sdkversion=8.03&wifi=0&useragent=Mozilla%252F5.0%2B%2528Linux%253B%2BU%253B%2BAndroid%2B4.1.2%253B%2Ben-gb%253B%2BC6602%2BBuild%252F10.1.1.A.1.253%2529%2BAppleWebKit%252F534.30%2B%2528KHTML%252C%2Blike%2BGecko%2529%2BVersion%252F4.0%2BMobile%2BSafari%252F534.30&android_id=eba4755a09701618389235798ad6dafe&android_id_sha=a9b550b44b38e4f44009df188eff90cb&screenSize=1260_1260&deviceUniqueness=serial&networkSubType=&isTablet=false&SD=3.0&isConnectionFast=true&unknownsource=0&appName=Airpush+SDK+6.0&email=glm856%40gmail.com&email_md5=d6c7e534c9957785aa4d7d5148de696e&email_sha=1179e12deacc30d6c0a86c4cbc12aed89c304b1f&dpi=480&sessionId=d116dcbcd293acada5c23d99e9f6fd88&locale=en_GB&overwrite_geo_vars=1&isXMLFound=1&model=message&action=geticon&qa_test_api&campid=&creatid=</td>
<td><div><pre>java.lang.AssertionError: Body doesnt contain string : {&quot;nextmessagecheck&quot;:7261} expected [true] but found [false]
	at org.testng.Assert.fail(Assert.java:93)
	at org.testng.Assert.failNotEquals(Assert.java:512)
	at org.testng.Assert.assertTrue(Assert.java:41)
	at api.controller.response.ApiResponseValidator.expectInBody(ApiResponseValidator.java:52)
	at testcases.fp.TC_Fp.testSuccess(TC_Fp.java:36)
	at sun.reflect.NativeMethodAccessorImpl.invoke0(Native Method)
	at sun.reflect.NativeMethodAccessorImpl.invoke(NativeMethodAccessorImpl.java:62)
	at sun.reflect.DelegatingMethodAccessorImpl.invoke(DelegatingMethodAccessorImpl.java:43)
	at java.lang.reflect.Method.invoke(Method.java:498)
	at org.testng.internal.MethodInvocationHelper.invokeMethod(MethodInvocationHelper.java:108)
	at org.testng.internal.Invoker.invokeMethod(Invoker.java:661)
	at org.testng.internal.Invoker.invokeTestMethod(Invoker.java:869)
	at org.testng.internal.Invoker.invokeTestMethods(Invoker.java:1193)
	at org.testng.internal.TestMethodWorker.invokeTestMethods(TestMethodWorker.java:126)
	at org.testng.internal.TestMethodWorker.run(TestMethodWorker.java:109)
	at org.testng.TestRunner.privateRun(TestRunner.java:744)
	at org.testng.TestRunner.run(TestRunner.java:602)
	at org.testng.SuiteRunner.runTest(SuiteRunner.java:380)
	at org.testng.SuiteRunner.runSequentially(SuiteRunner.java:375)
	at org.testng.SuiteRunner.privateRun(SuiteRunner.java:340)
	at org.testng.SuiteRunner.run(SuiteRunner.java:289)
	at org.testng.SuiteRunnerWorker.runSuite(SuiteRunnerWorker.java:52)
	at org.testng.SuiteRunnerWorker.run(SuiteRunnerWorker.java:86)
	at org.testng.TestNG.runSuitesSequentially(TestNG.java:1301)
	at org.testng.TestNG.runSuitesLocally(TestNG.java:1226)
	at org.testng.TestNG.runSuites(TestNG.java:1144)
	at org.testng.TestNG.run(TestNG.java:1115)
	at org.testng.remote.AbstractRemoteTestNG.run(AbstractRemoteTestNG.java:132)
	at org.testng.remote.RemoteTestNG.initAndRun(RemoteTestNG.java:230)
	at org.testng.remote.RemoteTestNG.main(RemoteTestNG.java:76)
</pre></div><a href='#' onClick='toggleBox("stack-trace2129442232", this, "Click to show all stack frames", "Click to hide stack frames")'>Click to show all stack frames</a>
<div class='stack-trace' id='stack-trace2129442232'><pre>java.lang.AssertionError: Body doesnt contain string : {&quot;nextmessagecheck&quot;:7261} expected [true] but found [false]
	at org.testng.Assert.fail(Assert.java:93)
	at org.testng.Assert.failNotEquals(Assert.java:512)
	at org.testng.Assert.assertTrue(Assert.java:41)
	at api.controller.response.ApiResponseValidator.expectInBody(ApiResponseValidator.java:52)
	at testcases.fp.TC_Fp.testSuccess(TC_Fp.java:36)
	at sun.reflect.NativeMethodAccessorImpl.invoke0(Native Method)
	at sun.reflect.NativeMethodAccessorImpl.invoke(NativeMethodAccessorImpl.java:62)
	at sun.reflect.DelegatingMethodAccessorImpl.invoke(DelegatingMethodAccessorImpl.java:43)
	at java.lang.reflect.Method.invoke(Method.java:498)
	at org.testng.internal.MethodInvocationHelper.invokeMethod(MethodInvocationHelper.java:108)
	at org.testng.internal.Invoker.invokeMethod(Invoker.java:661)
	at org.testng.internal.Invoker.invokeTestMethod(Invoker.java:869)
	at org.testng.internal.Invoker.invokeTestMethods(Invoker.java:1193)
	at org.testng.internal.TestMethodWorker.invokeTestMethods(TestMethodWorker.java:126)
	at org.testng.internal.TestMethodWorker.run(TestMethodWorker.java:109)
	at org.testng.TestRunner.privateRun(TestRunner.java:744)
	at org.testng.TestRunner.run(TestRunner.java:602)
	at org.testng.SuiteRunner.runTest(SuiteRunner.java:380)
	at org.testng.SuiteRunner.runSequentially(SuiteRunner.java:375)
	at org.testng.SuiteRunner.privateRun(SuiteRunner.java:340)
	at org.testng.SuiteRunner.run(SuiteRunner.java:289)
	at org.testng.SuiteRunnerWorker.runSuite(SuiteRunnerWorker.java:52)
	at org.testng.SuiteRunnerWorker.run(SuiteRunnerWorker.java:86)
	at org.testng.TestNG.runSuitesSequentially(TestNG.java:1301)
	at org.testng.TestNG.runSuitesLocally(TestNG.java:1226)
	at org.testng.TestNG.runSuites(TestNG.java:1144)
	at org.testng.TestNG.run(TestNG.java:1115)
	at org.testng.remote.AbstractRemoteTestNG.run(AbstractRemoteTestNG.java:132)
	at org.testng.remote.RemoteTestNG.initAndRun(RemoteTestNG.java:230)
	at org.testng.remote.RemoteTestNG.main(RemoteTestNG.java:76)
</pre></div></td>
<td>0</td>
<td>testcases.fp.TC_Fp@4566e5bd</td></tr>
<tr>
<td title='testcases.fp.TC_Fp.testSuccess()'><b>testSuccess</b><br>Test class: testcases.fp.TC_Fp<br>Parameters: push, http://pranathi.api.staging.airpush.com/v2/api.php?APIKEY=airpush&appId=45967&imei=4021daeae32e49ff924db2f69933d26f&imei_sha=95ef5e4df895680ad2b79ee1a1c5b428&token=30efe548c03a11ee7465eef2eb1f3d48&request_timestamp=2014-02-04+10%3A10%3A10_USA_GMT&packageName=com.test.sdk&version=17&language=English&country=India&statename=Karnataka&carriername=Airtel+&countryname=India&carrier=Airtel+&networkOperator=Airtel+&zip=&phoneModel=OPTIMUS+G&manufacturer=LG&ipaddress=181.11.23.95&longitude=0.000000&latitude=0.000000&sdkversion=8.03&wifi=0&useragent=Mozilla%252F5.0%2B%2528Linux%253B%2BU%253B%2BAndroid%2B4.1.2%253B%2Ben-gb%253B%2BC6602%2BBuild%252F10.1.1.A.1.253%2529%2BAppleWebKit%252F534.30%2B%2528KHTML%252C%2Blike%2BGecko%2529%2BVersion%252F4.0%2BMobile%2BSafari%252F534.30&android_id=06c5249499d0d8e8958828e1c0897d23&android_id_sha=ac646870d8f8e6d44030261a2ac75854&screenSize=1260_1260&defviceUniqueness=serial&networkSubType=&isTablet=false&SD=3.0&isConnectionFast=true&unknownsource=0&appName=Airpush+SDK+6.0&email=glm856%40gmail.com&email_md5=d6c7e534c9957785aa4d7d5148de696e&email_sha=1179e12deacc30d6c0a86c4cbc12aed89c304b1f&dpi=480&sessionId=b5f507594dc0e83df992e1f5abff1776&locale=en_GB&overwrite_geo_vars=1&isXMLFound=1&model=message&action=getmessage&placement_type=interstitial&supports=%7B%22inlineVideo%22%3Atrue%2C%22storePictures%22%3Atrue%2C%22sms%22%3Atrue%2C%22calendar%22%3Atrue%2C%22tel%22%3Atrue%7D&qa_test_api&campid=&creatid=</td>
<td><div><pre>java.lang.AssertionError: Body doesnt contain string : {&quot;nextmessagecheck&quot;:7399,&quot;status&quot;:204} expected [true] but found [false]
	at org.testng.Assert.fail(Assert.java:93)
	at org.testng.Assert.failNotEquals(Assert.java:512)
	at org.testng.Assert.assertTrue(Assert.java:41)
	at api.controller.response.ApiResponseValidator.expectInBody(ApiResponseValidator.java:52)
	at testcases.fp.TC_Fp.testSuccess(TC_Fp.java:36)
	at sun.reflect.NativeMethodAccessorImpl.invoke0(Native Method)
	at sun.reflect.NativeMethodAccessorImpl.invoke(NativeMethodAccessorImpl.java:62)
	at sun.reflect.DelegatingMethodAccessorImpl.invoke(DelegatingMethodAccessorImpl.java:43)
	at java.lang.reflect.Method.invoke(Method.java:498)
	at org.testng.internal.MethodInvocationHelper.invokeMethod(MethodInvocationHelper.java:108)
	at org.testng.internal.Invoker.invokeMethod(Invoker.java:661)
	at org.testng.internal.Invoker.invokeTestMethod(Invoker.java:869)
	at org.testng.internal.Invoker.invokeTestMethods(Invoker.java:1193)
	at org.testng.internal.TestMethodWorker.invokeTestMethods(TestMethodWorker.java:126)
	at org.testng.internal.TestMethodWorker.run(TestMethodWorker.java:109)
	at org.testng.TestRunner.privateRun(TestRunner.java:744)
	at org.testng.TestRunner.run(TestRunner.java:602)
	at org.testng.SuiteRunner.runTest(SuiteRunner.java:380)
	at org.testng.SuiteRunner.runSequentially(SuiteRunner.java:375)
	at org.testng.SuiteRunner.privateRun(SuiteRunner.java:340)
	at org.testng.SuiteRunner.run(SuiteRunner.java:289)
	at org.testng.SuiteRunnerWorker.runSuite(SuiteRunnerWorker.java:52)
	at org.testng.SuiteRunnerWorker.run(SuiteRunnerWorker.java:86)
	at org.testng.TestNG.runSuitesSequentially(TestNG.java:1301)
	at org.testng.TestNG.runSuitesLocally(TestNG.java:1226)
	at org.testng.TestNG.runSuites(TestNG.java:1144)
	at org.testng.TestNG.run(TestNG.java:1115)
	at org.testng.remote.AbstractRemoteTestNG.run(AbstractRemoteTestNG.java:132)
	at org.testng.remote.RemoteTestNG.initAndRun(RemoteTestNG.java:230)
	at org.testng.remote.RemoteTestNG.main(RemoteTestNG.java:76)
</pre></div><a href='#' onClick='toggleBox("stack-trace1551629761", this, "Click to show all stack frames", "Click to hide stack frames")'>Click to show all stack frames</a>
<div class='stack-trace' id='stack-trace1551629761'><pre>java.lang.AssertionError: Body doesnt contain string : {&quot;nextmessagecheck&quot;:7399,&quot;status&quot;:204} expected [true] but found [false]
	at org.testng.Assert.fail(Assert.java:93)
	at org.testng.Assert.failNotEquals(Assert.java:512)
	at org.testng.Assert.assertTrue(Assert.java:41)
	at api.controller.response.ApiResponseValidator.expectInBody(ApiResponseValidator.java:52)
	at testcases.fp.TC_Fp.testSuccess(TC_Fp.java:36)
	at sun.reflect.NativeMethodAccessorImpl.invoke0(Native Method)
	at sun.reflect.NativeMethodAccessorImpl.invoke(NativeMethodAccessorImpl.java:62)
	at sun.reflect.DelegatingMethodAccessorImpl.invoke(DelegatingMethodAccessorImpl.java:43)
	at java.lang.reflect.Method.invoke(Method.java:498)
	at org.testng.internal.MethodInvocationHelper.invokeMethod(MethodInvocationHelper.java:108)
	at org.testng.internal.Invoker.invokeMethod(Invoker.java:661)
	at org.testng.internal.Invoker.invokeTestMethod(Invoker.java:869)
	at org.testng.internal.Invoker.invokeTestMethods(Invoker.java:1193)
	at org.testng.internal.TestMethodWorker.invokeTestMethods(TestMethodWorker.java:126)
	at org.testng.internal.TestMethodWorker.run(TestMethodWorker.java:109)
	at org.testng.TestRunner.privateRun(TestRunner.java:744)
	at org.testng.TestRunner.run(TestRunner.java:602)
	at org.testng.SuiteRunner.runTest(SuiteRunner.java:380)
	at org.testng.SuiteRunner.runSequentially(SuiteRunner.java:375)
	at org.testng.SuiteRunner.privateRun(SuiteRunner.java:340)
	at org.testng.SuiteRunner.run(SuiteRunner.java:289)
	at org.testng.SuiteRunnerWorker.runSuite(SuiteRunnerWorker.java:52)
	at org.testng.SuiteRunnerWorker.run(SuiteRunnerWorker.java:86)
	at org.testng.TestNG.runSuitesSequentially(TestNG.java:1301)
	at org.testng.TestNG.runSuitesLocally(TestNG.java:1226)
	at org.testng.TestNG.runSuites(TestNG.java:1144)
	at org.testng.TestNG.run(TestNG.java:1115)
	at org.testng.remote.AbstractRemoteTestNG.run(AbstractRemoteTestNG.java:132)
	at org.testng.remote.RemoteTestNG.initAndRun(RemoteTestNG.java:230)
	at org.testng.remote.RemoteTestNG.main(RemoteTestNG.java:76)
</pre></div></td>
<td>1</td>
<td>testcases.fp.TC_Fp@4566e5bd</td></tr>
</table><p>
<table width='100%' border='1' class='invocation-passed'>
<tr><td colspan='4' align='center'><b>PASSED TESTS</b></td></tr>
<tr><td><b>Test method</b></td>
<td width="30%"><b>Exception</b></td>
<td width="10%"><b>Time (seconds)</b></td>
<td><b>Instance</b></td>
</tr>
<tr>
<td title='testcases.fp.TC_Fp.testSuccess()'><b>testSuccess</b><br>Test class: testcases.fp.TC_Fp<br>Parameters: overlay, http://pranathi.api.staging.airpush.com/overlayads/overlayadcall.php?screenSize=468_60&APIKEY=airpush&appId=10713&imei=c13811f33e8a58a9274b9b69486d6771&imei_sha=f5d4486ab1ec092c0b4c43df2d536da6&token=cc8953f671a034485db3d61226a0637f&request_timestamp=2014-02-14+08%3A10%3A10_USA_GMT&packageName=com.test.sdk&version=17&language=English&country=India&statename=Maharashtra&carriername=Hutchison+Telecom&countryname=Indonesia&carrier=Hutchison+Telecom&networkOperator=Hutchison+Telecom&zip=&phoneModel=Galaxy+Trend+Duos+2&manufacturer=Samsung&ipaddress=103.10.66.76&longitude=106.7938241&latitude=-6.5592537&sdkversion=7.03&wifi=0&useragent=Mozilla%252F5.0%2B%2528Linux%253B%2BU%253B%2BAndroid%2B4.1.2%253B%2Ben-gb%253B%2BC6602%2BBuild%252F10.1.1.A.1.253%2529%2BAppleWebKit%252F534.30%2B%2528KHTML%252C%2Blike%2BGecko%2529%2BVersion%252F4.0%2BMobile%2BSafari%252F534.30&android_id=203d147e34f956bd910950cc3fe8a0dcfe8818ed&android_id_sha=c816be60a2b018a14adee4d8c2e4ba03c5fb6db3&deviceUniqueness=serial&networkSubType=&SD=1.0&isConnectionFast=true&unknownsource=0&appName=com+animezwallpapers+neon+genesis+evangelion&email=glm856%40gmail.com&email_md5=d6c7e534c9957785aa4d7d5148de696e&email_sha=1179e12deacc30d6c0a86c4cbc12aed89c304b1f&dpi=480&sessionId=81dad8ffb06c3b51027c62011aa25b99&locale=en_GB&overwrite_geo_vars=1&isXMLFound=1</td>
<td></td>
<td>1</td>
<td>testcases.fp.TC_Fp@4566e5bd</td></tr>
<tr>
<td title='testcases.fp.TC_Fp.testSuccess()'><b>testSuccess</b><br>Test class: testcases.fp.TC_Fp<br>Parameters: inapp, http://pranathi.api.staging.airpush.com/bannerads/banneradcall.php?APIKEY=airpush&appId=45967&imei=ab704385ffd64999962ec642033116e3&imei_sha=b76290edb3bb4577cb3f5a579c101fe0&token=165f172d4c3bc3ebcea42a1febebf05a&request_timestamp=2014-02-14+08%3A10%3A10_USA_GMT&packageName=com.test.sdk&version=17&language=English&country=India&statename=Maharashtra&carriername=Airtel+&countryname=India&carrier=Airtel+&networkOperator=Airtel+&zip=&phoneModel=Xperia+X10a+Mini+Pro+%2F+X10a&manufacturer=Sony+Ericsson&ipaddress=171.49.200.111&longitude=0.000000&latitude=0.000000&sdkversion=8.03&wifi=0&useragent=Mozilla%252F5.0%2B%2528Linux%253B%2BU%253B%2BAndroid%2B4.1.2%253B%2Ben-gb%253B%2BC6602%2BBuild%252F10.1.1.A.1.253%2529%2BAppleWebKit%252F534.30%2B%2528KHTML%252C%2Blike%2BGecko%2529%2BVersion%252F4.0%2BMobile%2BSafari%252F534.30&android_id=cb60b3821e90282d35c8cdb195019c7f&android_id_sha=04d5873717ec6d8c34e39679fd8223a4&screenSize=1260_1260&deviceUniqueness=serial&networkSubType=&isTablet=false&SD=3.0&isConnectionFast=true&unknownsource=0&appName=Airpush+SDK+6.0&email=glm856%40gmail.com&email_md5=d6c7e534c9957785aa4d7d5148de696e&email_sha=1179e12deacc30d6c0a86c4cbc12aed89c304b1f&dpi=480&sessionId=7fd1c0f70f06a25d33d3ff768e477539&locale=en_GB&overwrite_geo_vars=1&isXMLFound=1&banner_type=image&supports=%7B%22inlineVideo%22%3Afalse%2C%22storePictures%22%3Atrue%2C%22sms%22%3Atrue%2C%22calendar%22%3Atrue%2C%22tel%22%3Atrue%7D&canShowMR=0&qa_test_api&campid=&creatid=</td>
<td></td>
<td>1</td>
<td>testcases.fp.TC_Fp@4566e5bd</td></tr>
<tr>
<td title='testcases.fp.TC_Fp.testSuccess()'><b>testSuccess</b><br>Test class: testcases.fp.TC_Fp<br>Parameters: fp, http://pranathi.api.staging.airpush.com/fullpage/adcall.php?APIKEY=airpush&appId=45967&imei=5546fa67b8894e2181bef9cf1993740d&imei_sha=8a35a9ab9baad904cc6b0ad915a05910&token=308f805d9dcbccc705d97ef009400591&request_timestamp=2014-02-04+10%3A10%3A10_USA_GMT&packageName=com.test.sdk&version=17&language=English&country=United+States&statename=California&carriername=T-Mobile&countryname=United+States&carrier=T-Mobile&networkOperator=T-Mobile&zip=&phoneModel=Galaxy+Note+2&manufacturer=Samsung&ipaddress=181.11.23.95&longitude=0.000000&latitude=0.000000&sdkversion=9&wifi=0&useragent=Mozilla%252F5.0%2B%2528Linux%253B%2BU%253B%2BAndroid%2B4.1.2%253B%2Ben-gb%253B%2BC6602%2BBuild%252F10.1.1.A.1.253%2529%2BAppleWebKit%252F534.30%2B%2528KHTML%252C%2Blike%2BGecko%2529%2BVersion%252F4.0%2BMobile%2BSafari%252F534.30&android_id=a2e30d590aa414aeac3ade11b6d9c195&android_id_sha=2f5b8e6c682a573bc6b8c8eb5fe96278&screenSize=1260_1260&deviceUniqueness=serial&networkSubType=&isTablet=false&SD=1.0&isConnectionFast=true&unknownsource=0&appName=Airpush+SDK+6.0&email=glm856%40gmail.com&email_md5=d6c7e534c9957785aa4d7d5148de696e&email_sha=1179e12deacc30d6c0a86c4cbc12aed89c304b1f&dpi=480&sessionId=e950c7d12242f8147dcecdd985399650&locale=en_GB&overwrite_geo_vars=1&isXMLFound=1&qa_test_api&campid=&creatid=&adv_id=771e216953f552b0ec2d5737e94aca0a</td>
<td></td>
<td>1</td>
<td>testcases.fp.TC_Fp@4566e5bd</td></tr>
</table><p>
</body>
</html>