<?xml version="1.0" encoding="UTF-8"?>
<testng-results skipped="0" failed="5" ignored="40" total="53" passed="8">
  <reporter-output>
  </reporter-output>
  <suite name="Suite" duration-ms="1311807" started-at="2017-08-23T05:51:19Z" finished-at="2017-08-23T06:13:11Z">
    <groups>
    </groups>
    <test name="Test" duration-ms="1311807" started-at="2017-08-23T05:51:19Z" finished-at="2017-08-23T06:13:11Z">
      <class name="testcases.VideoStreaming">
        <test-method status="FAIL" signature="testcases()[pri:0, instance:testcases.VideoStreaming@6b57696f]" name="testcases" duration-ms="10456" started-at="2017-08-23T11:43:00Z" finished-at="2017-08-23T11:43:11Z">
          <exception class="org.openqa.selenium.InvalidArgumentException">
            <message>
              <![CDATA[Expected [object Undefined] undefined to be a string
Build info: version: '3.1.0', revision: 'b94c902', time: '2017-02-16 12:21:31 -0800'
System info: host: 'user', ip: '127.0.1.1', os.name: 'Linux', os.arch: 'amd64', os.version: '4.4.0-31-generic', java.version: '1.8.0_121'
Driver info: org.openqa.selenium.firefox.FirefoxDriver
Capabilities [{moz:profile=/tmp/rust_mozprofile.svRTye4r0FtJ, rotatable=false, timeouts={implicit=0, pageLoad=300000, script=30000}, pageLoadStrategy=normal, platform=ANY, specificationLevel=0, moz:accessibilityChecks=false, acceptInsecureCerts=false, browserVersion=53.0.3, platformVersion=4.4.0-31-generic, moz:processID=7224, browserName=firefox, platformName=linux}]
Session ID: efed5e5f-7856-459e-a532-a6e9b63111c9]]>
            </message>
            <full-stacktrace>
              <![CDATA[org.openqa.selenium.InvalidArgumentException: Expected [object Undefined] undefined to be a string
Build info: version: '3.1.0', revision: 'b94c902', time: '2017-02-16 12:21:31 -0800'
System info: host: 'user', ip: '127.0.1.1', os.name: 'Linux', os.arch: 'amd64', os.version: '4.4.0-31-generic', java.version: '1.8.0_121'
Driver info: org.openqa.selenium.firefox.FirefoxDriver
Capabilities [{moz:profile=/tmp/rust_mozprofile.svRTye4r0FtJ, rotatable=false, timeouts={implicit=0, pageLoad=300000, script=30000}, pageLoadStrategy=normal, platform=ANY, specificationLevel=0, moz:accessibilityChecks=false, acceptInsecureCerts=false, browserVersion=53.0.3, platformVersion=4.4.0-31-generic, moz:processID=7224, browserName=firefox, platformName=linux}]
Session ID: efed5e5f-7856-459e-a532-a6e9b63111c9
	at sun.reflect.NativeConstructorAccessorImpl.newInstance0(Native Method)
	at sun.reflect.NativeConstructorAccessorImpl.newInstance(NativeConstructorAccessorImpl.java:62)
	at sun.reflect.DelegatingConstructorAccessorImpl.newInstance(DelegatingConstructorAccessorImpl.java:45)
	at java.lang.reflect.Constructor.newInstance(Constructor.java:423)
	at org.openqa.selenium.remote.http.W3CHttpResponseCodec.createException(W3CHttpResponseCodec.java:127)
	at org.openqa.selenium.remote.http.W3CHttpResponseCodec.decode(W3CHttpResponseCodec.java:93)
	at org.openqa.selenium.remote.http.W3CHttpResponseCodec.decode(W3CHttpResponseCodec.java:42)
	at org.openqa.selenium.remote.HttpCommandExecutor.execute(HttpCommandExecutor.java:163)
	at org.openqa.selenium.remote.service.DriverCommandExecutor.execute(DriverCommandExecutor.java:82)
	at org.openqa.selenium.remote.RemoteWebDriver.execute(RemoteWebDriver.java:601)
	at org.openqa.selenium.remote.RemoteWebElement.execute(RemoteWebElement.java:274)
	at org.openqa.selenium.remote.RemoteWebElement.sendKeys(RemoteWebElement.java:98)
	at testcases.VideoStreaming.testcases(VideoStreaming.java:42)
	at sun.reflect.NativeMethodAccessorImpl.invoke0(Native Method)
	at sun.reflect.NativeMethodAccessorImpl.invoke(NativeMethodAccessorImpl.java:62)
	at sun.reflect.DelegatingMethodAccessorImpl.invoke(DelegatingMethodAccessorImpl.java:43)
	at java.lang.reflect.Method.invoke(Method.java:498)
	at org.testng.internal.MethodInvocationHelper.invokeMethod(MethodInvocationHelper.java:108)
	at org.testng.internal.Invoker.invokeMethod(Invoker.java:661)
	at org.testng.internal.Invoker.invokeTestMethod(Invoker.java:869)
	at org.testng.internal.Invoker.invokeTestMethods(Invoker.java:1193)
	at org.testng.internal.TestMethodWorker.invokeTestMethods(TestMethodWorker.java:126)
	at org.testng.internal.TestMethodWorker.run(TestMethodWorker.java:109)
	at org.testng.TestRunner.privateRun(TestRunner.java:744)
	at org.testng.TestRunner.run(TestRunner.java:602)
	at org.testng.SuiteRunner.runTest(SuiteRunner.java:380)
	at org.testng.SuiteRunner.runSequentially(SuiteRunner.java:375)
	at org.testng.SuiteRunner.privateRun(SuiteRunner.java:340)
	at org.testng.SuiteRunner.run(SuiteRunner.java:289)
	at org.testng.SuiteRunnerWorker.runSuite(SuiteRunnerWorker.java:52)
	at org.testng.SuiteRunnerWorker.run(SuiteRunnerWorker.java:86)
	at org.testng.TestNG.runSuitesSequentially(TestNG.java:1301)
	at org.testng.TestNG.runSuitesLocally(TestNG.java:1226)
	at org.testng.TestNG.runSuites(TestNG.java:1144)
	at org.testng.TestNG.run(TestNG.java:1115)
	at org.testng.remote.AbstractRemoteTestNG.run(AbstractRemoteTestNG.java:132)
	at org.testng.remote.RemoteTestNG.initAndRun(RemoteTestNG.java:230)
	at org.testng.remote.RemoteTestNG.main(RemoteTestNG.java:76)
]]>
            </full-stacktrace>
          </exception> <!-- org.openqa.selenium.InvalidArgumentException -->
          <reporter-output>
          </reporter-output>
        </test-method> <!-- testcases -->
      </class> <!-- testcases.VideoStreaming -->
      <class name="testcases.Chat">
        <test-method status="FAIL" signature="testcases()[pri:0, instance:testcases.Chat@587d1d39]" name="testcases" duration-ms="56045" started-at="2017-08-23T11:40:37Z" finished-at="2017-08-23T11:41:33Z">
          <exception class="org.openqa.selenium.NoSuchElementException">
            <message>
              <![CDATA[no such element: Unable to locate element: {"method":"id","selector":"chat_list_user_item_325"}
  (Session info: chrome=53.0.2785.143)
  (Driver info: chromedriver=2.22,platform=Linux 4.4.0-31-generic x86_64) (WARNING: The server did not provide any stacktrace information)
Command duration or timeout: 4.02 seconds
For documentation on this error, please visit: http://seleniumhq.org/exceptions/no_such_element.html
Build info: version: '3.1.0', revision: 'b94c902', time: '2017-02-16 12:21:31 -0800'
System info: host: 'user', ip: '127.0.1.1', os.name: 'Linux', os.arch: 'amd64', os.version: '4.4.0-31-generic', java.version: '1.8.0_121'
Driver info: org.openqa.selenium.firefox.FirefoxDriver
Capabilities [{applicationCacheEnabled=false, rotatable=false, mobileEmulationEnabled=false, chrome={chromedriverVersion=2.22, userDataDir=/tmp/.org.chromium.Chromium.impXZM}, takesHeapSnapshot=true, databaseEnabled=false, handlesAlerts=true, hasTouchScreen=false, version=53.0.2785.143, platform=LINUX, browserConnectionEnabled=false, nativeEvents=true, acceptSslCerts=true, locationContextEnabled=true, webStorageEnabled=true, browserName=chrome, takesScreenshot=true, javascriptEnabled=true, cssSelectorsEnabled=true}]
Session ID: ded3f66ecbc8be4546a9da1070fc4f95
*** Element info: {Using=id, value=chat_list_user_item_325}]]>
            </message>
            <full-stacktrace>
              <![CDATA[org.openqa.selenium.NoSuchElementException: no such element: Unable to locate element: {"method":"id","selector":"chat_list_user_item_325"}
  (Session info: chrome=53.0.2785.143)
  (Driver info: chromedriver=2.22,platform=Linux 4.4.0-31-generic x86_64) (WARNING: The server did not provide any stacktrace information)
Command duration or timeout: 4.02 seconds
For documentation on this error, please visit: http://seleniumhq.org/exceptions/no_such_element.html
Build info: version: '3.1.0', revision: 'b94c902', time: '2017-02-16 12:21:31 -0800'
System info: host: 'user', ip: '127.0.1.1', os.name: 'Linux', os.arch: 'amd64', os.version: '4.4.0-31-generic', java.version: '1.8.0_121'
Driver info: org.openqa.selenium.firefox.FirefoxDriver
Capabilities [{applicationCacheEnabled=false, rotatable=false, mobileEmulationEnabled=false, chrome={chromedriverVersion=2.22, userDataDir=/tmp/.org.chromium.Chromium.impXZM}, takesHeapSnapshot=true, databaseEnabled=false, handlesAlerts=true, hasTouchScreen=false, version=53.0.2785.143, platform=LINUX, browserConnectionEnabled=false, nativeEvents=true, acceptSslCerts=true, locationContextEnabled=true, webStorageEnabled=true, browserName=chrome, takesScreenshot=true, javascriptEnabled=true, cssSelectorsEnabled=true}]
Session ID: ded3f66ecbc8be4546a9da1070fc4f95
*** Element info: {Using=id, value=chat_list_user_item_325}
	at sun.reflect.NativeConstructorAccessorImpl.newInstance0(Native Method)
	at sun.reflect.NativeConstructorAccessorImpl.newInstance(NativeConstructorAccessorImpl.java:62)
	at sun.reflect.DelegatingConstructorAccessorImpl.newInstance(DelegatingConstructorAccessorImpl.java:45)
	at java.lang.reflect.Constructor.newInstance(Constructor.java:423)
	at org.openqa.selenium.remote.ErrorHandler.createThrowable(ErrorHandler.java:216)
	at org.openqa.selenium.remote.ErrorHandler.throwIfResponseFailed(ErrorHandler.java:168)
	at org.openqa.selenium.remote.RemoteWebDriver.execute(RemoteWebDriver.java:635)
	at org.openqa.selenium.remote.RemoteWebDriver.findElement(RemoteWebDriver.java:368)
	at org.openqa.selenium.remote.RemoteWebDriver.findElementById(RemoteWebDriver.java:417)
	at org.openqa.selenium.By$ById.findElement(By.java:218)
	at org.openqa.selenium.remote.RemoteWebDriver.findElement(RemoteWebDriver.java:360)
	at testcases.Chat.testcases(Chat.java:106)
	at sun.reflect.NativeMethodAccessorImpl.invoke0(Native Method)
	at sun.reflect.NativeMethodAccessorImpl.invoke(NativeMethodAccessorImpl.java:62)
	at sun.reflect.DelegatingMethodAccessorImpl.invoke(DelegatingMethodAccessorImpl.java:43)
	at java.lang.reflect.Method.invoke(Method.java:498)
	at org.testng.internal.MethodInvocationHelper.invokeMethod(MethodInvocationHelper.java:108)
	at org.testng.internal.Invoker.invokeMethod(Invoker.java:661)
	at org.testng.internal.Invoker.invokeTestMethod(Invoker.java:869)
	at org.testng.internal.Invoker.invokeTestMethods(Invoker.java:1193)
	at org.testng.internal.TestMethodWorker.invokeTestMethods(TestMethodWorker.java:126)
	at org.testng.internal.TestMethodWorker.run(TestMethodWorker.java:109)
	at org.testng.TestRunner.privateRun(TestRunner.java:744)
	at org.testng.TestRunner.run(TestRunner.java:602)
	at org.testng.SuiteRunner.runTest(SuiteRunner.java:380)
	at org.testng.SuiteRunner.runSequentially(SuiteRunner.java:375)
	at org.testng.SuiteRunner.privateRun(SuiteRunner.java:340)
	at org.testng.SuiteRunner.run(SuiteRunner.java:289)
	at org.testng.SuiteRunnerWorker.runSuite(SuiteRunnerWorker.java:52)
	at org.testng.SuiteRunnerWorker.run(SuiteRunnerWorker.java:86)
	at org.testng.TestNG.runSuitesSequentially(TestNG.java:1301)
	at org.testng.TestNG.runSuitesLocally(TestNG.java:1226)
	at org.testng.TestNG.runSuites(TestNG.java:1144)
	at org.testng.TestNG.run(TestNG.java:1115)
	at org.testng.remote.AbstractRemoteTestNG.run(AbstractRemoteTestNG.java:132)
	at org.testng.remote.RemoteTestNG.initAndRun(RemoteTestNG.java:230)
	at org.testng.remote.RemoteTestNG.main(RemoteTestNG.java:76)
]]>
            </full-stacktrace>
          </exception> <!-- org.openqa.selenium.NoSuchElementException -->
          <reporter-output>
          </reporter-output>
        </test-method> <!-- testcases -->
      </class> <!-- testcases.Chat -->
      <class name="testcases.CreationOfContentCourseByDocument">
        <test-method status="PASS" signature="beforeSuite()[pri:0, instance:testcases.CreationOfContentCourseByDocument@fad74ee]" name="beforeSuite" is-config="true" duration-ms="328" started-at="2017-08-23T11:21:19Z" finished-at="2017-08-23T11:21:19Z">
          <reporter-output>
          </reporter-output>
        </test-method> <!-- beforeSuite -->
        <test-method status="PASS" signature="beforeTest()[pri:0, instance:testcases.CreationOfContentCourseByDocument@fad74ee]" name="beforeTest" is-config="true" duration-ms="1" started-at="2017-08-23T11:21:19Z" finished-at="2017-08-23T11:21:19Z">
          <reporter-output>
          </reporter-output>
        </test-method> <!-- beforeTest -->
        <test-method status="PASS" signature="setValues(java.lang.String)[pri:0, instance:testcases.CreationOfContentCourseByDocument@fad74ee]" name="setValues" is-config="true" duration-ms="2" started-at="2017-08-23T11:21:19Z" finished-at="2017-08-23T11:21:19Z">
          <params>
            <param index="0">
              <value>
                <![CDATA[chrome]]>
              </value>
            </param>
          </params>
          <reporter-output>
          </reporter-output>
        </test-method> <!-- setValues -->
        <test-method status="PASS" signature="beforeMethod()[pri:0, instance:testcases.CreationOfContentCourseByDocument@fad74ee]" name="beforeMethod" is-config="true" duration-ms="7671" started-at="2017-08-23T11:21:19Z" finished-at="2017-08-23T11:21:27Z">
          <reporter-output>
          </reporter-output>
        </test-method> <!-- beforeMethod -->
        <test-method status="PASS" signature="testcases()[pri:0, instance:testcases.CreationOfContentCourseByDocument@fad74ee]" name="testcases" duration-ms="104317" started-at="2017-08-23T11:21:27Z" finished-at="2017-08-23T11:23:11Z">
          <reporter-output>
          </reporter-output>
        </test-method> <!-- testcases -->
        <test-method status="PASS" signature="afterMethod()[pri:0, instance:testcases.CreationOfContentCourseByDocument@fad74ee]" name="afterMethod" is-config="true" duration-ms="88" started-at="2017-08-23T11:23:11Z" finished-at="2017-08-23T11:23:11Z">
          <reporter-output>
          </reporter-output>
        </test-method> <!-- afterMethod -->
        <test-method status="PASS" signature="afterTest()[pri:0, instance:testcases.CreationOfContentCourseByDocument@fad74ee]" name="afterTest" is-config="true" duration-ms="0" started-at="2017-08-23T11:43:11Z" finished-at="2017-08-23T11:43:11Z">
          <reporter-output>
          </reporter-output>
        </test-method> <!-- afterTest -->
        <test-method status="PASS" signature="afterSuite()[pri:0, instance:testcases.CreationOfContentCourseByDocument@fad74ee]" name="afterSuite" is-config="true" duration-ms="411" started-at="2017-08-23T11:43:11Z" finished-at="2017-08-23T11:43:11Z">
          <reporter-output>
          </reporter-output>
        </test-method> <!-- afterSuite -->
      </class> <!-- testcases.CreationOfContentCourseByDocument -->
      <class name="testcases.CreationOfContentCourseByTinCan">
        <test-method status="PASS" signature="setValues(java.lang.String)[pri:0, instance:testcases.CreationOfContentCourseByTinCan@436e852b]" name="setValues" is-config="true" duration-ms="1" started-at="2017-08-23T11:29:43Z" finished-at="2017-08-23T11:29:43Z">
          <params>
            <param index="0">
              <value>
                <![CDATA[chrome]]>
              </value>
            </param>
          </params>
          <reporter-output>
          </reporter-output>
        </test-method> <!-- setValues -->
        <test-method status="PASS" signature="beforeMethod()[pri:0, instance:testcases.CreationOfContentCourseByTinCan@436e852b]" name="beforeMethod" is-config="true" duration-ms="7122" started-at="2017-08-23T11:29:43Z" finished-at="2017-08-23T11:29:50Z">
          <reporter-output>
          </reporter-output>
        </test-method> <!-- beforeMethod -->
        <test-method status="PASS" signature="createcontent(java.lang.String, java.lang.String)[pri:0, instance:testcases.CreationOfContentCourseByTinCan@436e852b]" name="createcontent" duration-ms="139426" started-at="2017-08-23T11:29:50Z" data-provider="fetchData" finished-at="2017-08-23T11:32:10Z">
          <params>
            <param index="0">
              <value>
                <![CDATA[radham@expertus.com]]>
              </value>
            </param>
            <param index="1">
              <value>
                <![CDATA[password]]>
              </value>
            </param>
          </params>
          <reporter-output>
          </reporter-output>
        </test-method> <!-- createcontent -->
        <test-method status="PASS" signature="afterMethod()[pri:0, instance:testcases.CreationOfContentCourseByTinCan@436e852b]" name="afterMethod" is-config="true" duration-ms="83" started-at="2017-08-23T11:32:10Z" finished-at="2017-08-23T11:32:10Z">
          <reporter-output>
          </reporter-output>
        </test-method> <!-- afterMethod -->
      </class> <!-- testcases.CreationOfContentCourseByTinCan -->
      <class name="testcases.CreationOfContentCourseByWebPage">
        <test-method status="PASS" signature="setValues(java.lang.String)[pri:0, instance:testcases.CreationOfContentCourseByWebPage@1a1d6a08]" name="setValues" is-config="true" duration-ms="0" started-at="2017-08-23T11:23:11Z" finished-at="2017-08-23T11:23:11Z">
          <params>
            <param index="0">
              <value>
                <![CDATA[chrome]]>
              </value>
            </param>
          </params>
          <reporter-output>
          </reporter-output>
        </test-method> <!-- setValues -->
        <test-method status="PASS" signature="beforeMethod()[pri:0, instance:testcases.CreationOfContentCourseByWebPage@1a1d6a08]" name="beforeMethod" is-config="true" duration-ms="10334" started-at="2017-08-23T11:23:11Z" finished-at="2017-08-23T11:23:21Z">
          <reporter-output>
          </reporter-output>
        </test-method> <!-- beforeMethod -->
        <test-method status="PASS" signature="createcontent()[pri:0, instance:testcases.CreationOfContentCourseByWebPage@1a1d6a08]" name="createcontent" duration-ms="132998" started-at="2017-08-23T11:23:21Z" finished-at="2017-08-23T11:25:34Z">
          <reporter-output>
          </reporter-output>
        </test-method> <!-- createcontent -->
        <test-method status="PASS" signature="afterMethod()[pri:0, instance:testcases.CreationOfContentCourseByWebPage@1a1d6a08]" name="afterMethod" is-config="true" duration-ms="83" started-at="2017-08-23T11:25:34Z" finished-at="2017-08-23T11:25:34Z">
          <reporter-output>
          </reporter-output>
        </test-method> <!-- afterMethod -->
      </class> <!-- testcases.CreationOfContentCourseByWebPage -->
      <class name="testcases.CreationOfContentCourseByQuiz">
        <test-method status="PASS" signature="setValues(java.lang.String)[pri:0, instance:testcases.CreationOfContentCourseByQuiz@37d31475]" name="setValues" is-config="true" duration-ms="0" started-at="2017-08-23T11:25:34Z" finished-at="2017-08-23T11:25:34Z">
          <params>
            <param index="0">
              <value>
                <![CDATA[chrome]]>
              </value>
            </param>
          </params>
          <reporter-output>
          </reporter-output>
        </test-method> <!-- setValues -->
        <test-method status="PASS" signature="beforeMethod()[pri:0, instance:testcases.CreationOfContentCourseByQuiz@37d31475]" name="beforeMethod" is-config="true" duration-ms="9999" started-at="2017-08-23T11:25:35Z" finished-at="2017-08-23T11:25:45Z">
          <reporter-output>
          </reporter-output>
        </test-method> <!-- beforeMethod -->
        <test-method status="FAIL" signature="createcontent(java.lang.String, java.lang.String)[pri:0, instance:testcases.CreationOfContentCourseByQuiz@37d31475]" name="createcontent" duration-ms="114021" started-at="2017-08-23T11:25:45Z" data-provider="fetchData" finished-at="2017-08-23T11:27:39Z">
          <params>
            <param index="0">
              <value>
                <![CDATA[radham@expertus.com]]>
              </value>
            </param>
            <param index="1">
              <value>
                <![CDATA[password]]>
              </value>
            </param>
          </params>
          <exception class="org.openqa.selenium.WebDriverException">
            <message>
              <![CDATA[unknown error: Element <a class="quarter_margin_left attempts_popup_link" href="#" id="rules_327" onclick="hideAllBalloonPopups();hideAllRoundedDropdownMenus('dropdown_327','.search_popup_container'); $('dropdown_327').show();; return false;">...</a> is not clickable at point (1028, 322). Other element would receive the click: <iframe id="course_raw_data_ifr" src='javascript:""' frameborder="0" allowtransparency="true" title="{#aria.rich_text_area}" allowfullscreen="true" style="width: 570px; height: 190px; display: block;" cd_frame_id_="26a164732de047c7f1c859b7de84ffb0"></iframe>
  (Session info: chrome=60.0.3112.90)
  (Driver info: chromedriver=2.29.461571 (8a88bbe0775e2a23afda0ceaf2ef7ee74e822cc5),platform=Linux 4.4.0-31-generic x86_64) (WARNING: The server did not provide any stacktrace information)
Command duration or timeout: 182 milliseconds
Build info: version: '3.1.0', revision: 'b94c902', time: '2017-02-16 12:21:31 -0800'
System info: host: 'user', ip: '127.0.1.1', os.name: 'Linux', os.arch: 'amd64', os.version: '4.4.0-31-generic', java.version: '1.8.0_121'
Driver info: org.openqa.selenium.chrome.ChromeDriver
Capabilities [{applicationCacheEnabled=false, rotatable=false, mobileEmulationEnabled=false, networkConnectionEnabled=false, chrome={chromedriverVersion=2.29.461571 (8a88bbe0775e2a23afda0ceaf2ef7ee74e822cc5), userDataDir=/tmp/.org.chromium.Chromium.crRMQu}, takesHeapSnapshot=true, pageLoadStrategy=normal, databaseEnabled=false, handlesAlerts=true, hasTouchScreen=false, version=60.0.3112.90, platform=LINUX, browserConnectionEnabled=false, nativeEvents=true, acceptSslCerts=true, locationContextEnabled=true, webStorageEnabled=true, browserName=chrome, takesScreenshot=true, javascriptEnabled=true, cssSelectorsEnabled=true, unexpectedAlertBehaviour=}]
Session ID: ed8b82876e9d6f837cdf386d84fd098c]]>
            </message>
            <full-stacktrace>
              <![CDATA[org.openqa.selenium.WebDriverException: unknown error: Element <a class="quarter_margin_left attempts_popup_link" href="#" id="rules_327" onclick="hideAllBalloonPopups();hideAllRoundedDropdownMenus('dropdown_327','.search_popup_container'); $('dropdown_327').show();; return false;">...</a> is not clickable at point (1028, 322). Other element would receive the click: <iframe id="course_raw_data_ifr" src='javascript:""' frameborder="0" allowtransparency="true" title="{#aria.rich_text_area}" allowfullscreen="true" style="width: 570px; height: 190px; display: block;" cd_frame_id_="26a164732de047c7f1c859b7de84ffb0"></iframe>
  (Session info: chrome=60.0.3112.90)
  (Driver info: chromedriver=2.29.461571 (8a88bbe0775e2a23afda0ceaf2ef7ee74e822cc5),platform=Linux 4.4.0-31-generic x86_64) (WARNING: The server did not provide any stacktrace information)
Command duration or timeout: 182 milliseconds
Build info: version: '3.1.0', revision: 'b94c902', time: '2017-02-16 12:21:31 -0800'
System info: host: 'user', ip: '127.0.1.1', os.name: 'Linux', os.arch: 'amd64', os.version: '4.4.0-31-generic', java.version: '1.8.0_121'
Driver info: org.openqa.selenium.chrome.ChromeDriver
Capabilities [{applicationCacheEnabled=false, rotatable=false, mobileEmulationEnabled=false, networkConnectionEnabled=false, chrome={chromedriverVersion=2.29.461571 (8a88bbe0775e2a23afda0ceaf2ef7ee74e822cc5), userDataDir=/tmp/.org.chromium.Chromium.crRMQu}, takesHeapSnapshot=true, pageLoadStrategy=normal, databaseEnabled=false, handlesAlerts=true, hasTouchScreen=false, version=60.0.3112.90, platform=LINUX, browserConnectionEnabled=false, nativeEvents=true, acceptSslCerts=true, locationContextEnabled=true, webStorageEnabled=true, browserName=chrome, takesScreenshot=true, javascriptEnabled=true, cssSelectorsEnabled=true, unexpectedAlertBehaviour=}]
Session ID: ed8b82876e9d6f837cdf386d84fd098c
	at sun.reflect.NativeConstructorAccessorImpl.newInstance0(Native Method)
	at sun.reflect.NativeConstructorAccessorImpl.newInstance(NativeConstructorAccessorImpl.java:62)
	at sun.reflect.DelegatingConstructorAccessorImpl.newInstance(DelegatingConstructorAccessorImpl.java:45)
	at java.lang.reflect.Constructor.newInstance(Constructor.java:423)
	at org.openqa.selenium.remote.ErrorHandler.createThrowable(ErrorHandler.java:216)
	at org.openqa.selenium.remote.ErrorHandler.throwIfResponseFailed(ErrorHandler.java:168)
	at org.openqa.selenium.remote.RemoteWebDriver.execute(RemoteWebDriver.java:635)
	at org.openqa.selenium.remote.RemoteWebElement.execute(RemoteWebElement.java:274)
	at org.openqa.selenium.remote.RemoteWebElement.click(RemoteWebElement.java:84)
	at pages.CreateCourseByQuiz.enterMaximumAttempts(CreateCourseByQuiz.java:118)
	at testcases.CreationOfContentCourseByQuiz.createcontent(CreationOfContentCourseByQuiz.java:48)
	at sun.reflect.NativeMethodAccessorImpl.invoke0(Native Method)
	at sun.reflect.NativeMethodAccessorImpl.invoke(NativeMethodAccessorImpl.java:62)
	at sun.reflect.DelegatingMethodAccessorImpl.invoke(DelegatingMethodAccessorImpl.java:43)
	at java.lang.reflect.Method.invoke(Method.java:498)
	at org.testng.internal.MethodInvocationHelper.invokeMethod(MethodInvocationHelper.java:108)
	at org.testng.internal.Invoker.invokeMethod(Invoker.java:661)
	at org.testng.internal.Invoker.invokeTestMethod(Invoker.java:869)
	at org.testng.internal.Invoker.invokeTestMethods(Invoker.java:1193)
	at org.testng.internal.TestMethodWorker.invokeTestMethods(TestMethodWorker.java:126)
	at org.testng.internal.TestMethodWorker.run(TestMethodWorker.java:109)
	at org.testng.TestRunner.privateRun(TestRunner.java:744)
	at org.testng.TestRunner.run(TestRunner.java:602)
	at org.testng.SuiteRunner.runTest(SuiteRunner.java:380)
	at org.testng.SuiteRunner.runSequentially(SuiteRunner.java:375)
	at org.testng.SuiteRunner.privateRun(SuiteRunner.java:340)
	at org.testng.SuiteRunner.run(SuiteRunner.java:289)
	at org.testng.SuiteRunnerWorker.runSuite(SuiteRunnerWorker.java:52)
	at org.testng.SuiteRunnerWorker.run(SuiteRunnerWorker.java:86)
	at org.testng.TestNG.runSuitesSequentially(TestNG.java:1301)
	at org.testng.TestNG.runSuitesLocally(TestNG.java:1226)
	at org.testng.TestNG.runSuites(TestNG.java:1144)
	at org.testng.TestNG.run(TestNG.java:1115)
	at org.testng.remote.AbstractRemoteTestNG.run(AbstractRemoteTestNG.java:132)
	at org.testng.remote.RemoteTestNG.initAndRun(RemoteTestNG.java:230)
	at org.testng.remote.RemoteTestNG.main(RemoteTestNG.java:76)
]]>
            </full-stacktrace>
          </exception> <!-- org.openqa.selenium.WebDriverException -->
          <reporter-output>
          </reporter-output>
        </test-method> <!-- createcontent -->
        <test-method status="PASS" signature="afterMethod()[pri:0, instance:testcases.CreationOfContentCourseByQuiz@37d31475]" name="afterMethod" is-config="true" duration-ms="76" started-at="2017-08-23T11:27:39Z" finished-at="2017-08-23T11:27:39Z">
          <reporter-output>
          </reporter-output>
        </test-method> <!-- afterMethod -->
      </class> <!-- testcases.CreationOfContentCourseByQuiz -->
      <class name="testcases.CreationOfContentCourseBySurvey">
        <test-method status="PASS" signature="setValues(java.lang.String)[pri:0, instance:testcases.CreationOfContentCourseBySurvey@27808f31]" name="setValues" is-config="true" duration-ms="0" started-at="2017-08-23T11:27:39Z" finished-at="2017-08-23T11:27:39Z">
          <params>
            <param index="0">
              <value>
                <![CDATA[chrome]]>
              </value>
            </param>
          </params>
          <reporter-output>
          </reporter-output>
        </test-method> <!-- setValues -->
        <test-method status="PASS" signature="beforeMethod()[pri:0, instance:testcases.CreationOfContentCourseBySurvey@27808f31]" name="beforeMethod" is-config="true" duration-ms="9510" started-at="2017-08-23T11:27:39Z" finished-at="2017-08-23T11:27:48Z">
          <reporter-output>
          </reporter-output>
        </test-method> <!-- beforeMethod -->
        <test-method status="PASS" signature="createcontent(java.lang.String, java.lang.String)[pri:0, instance:testcases.CreationOfContentCourseBySurvey@27808f31]" name="createcontent" duration-ms="114918" started-at="2017-08-23T11:27:48Z" data-provider="fetchData" finished-at="2017-08-23T11:29:43Z">
          <params>
            <param index="0">
              <value>
                <![CDATA[radham@expertus.com]]>
              </value>
            </param>
            <param index="1">
              <value>
                <![CDATA[password]]>
              </value>
            </param>
          </params>
          <reporter-output>
          </reporter-output>
        </test-method> <!-- createcontent -->
        <test-method status="PASS" signature="afterMethod()[pri:0, instance:testcases.CreationOfContentCourseBySurvey@27808f31]" name="afterMethod" is-config="true" duration-ms="90" started-at="2017-08-23T11:29:43Z" finished-at="2017-08-23T11:29:43Z">
          <reporter-output>
          </reporter-output>
        </test-method> <!-- afterMethod -->
      </class> <!-- testcases.CreationOfContentCourseBySurvey -->
      <class name="testcases.CreationOfCourseByAudioVideo">
        <test-method status="PASS" signature="setValues(java.lang.String)[pri:0, instance:testcases.CreationOfCourseByAudioVideo@1d8d30f7]" name="setValues" is-config="true" duration-ms="0" started-at="2017-08-23T11:34:01Z" finished-at="2017-08-23T11:34:01Z">
          <params>
            <param index="0">
              <value>
                <![CDATA[chrome]]>
              </value>
            </param>
          </params>
          <reporter-output>
          </reporter-output>
        </test-method> <!-- setValues -->
        <test-method status="PASS" signature="beforeMethod()[pri:0, instance:testcases.CreationOfCourseByAudioVideo@1d8d30f7]" name="beforeMethod" is-config="true" duration-ms="9711" started-at="2017-08-23T11:34:01Z" finished-at="2017-08-23T11:34:11Z">
          <reporter-output>
          </reporter-output>
        </test-method> <!-- beforeMethod -->
        <test-method status="FAIL" signature="createcontent(java.lang.String, java.lang.String)[pri:0, instance:testcases.CreationOfCourseByAudioVideo@1d8d30f7]" name="createcontent" duration-ms="118526" started-at="2017-08-23T11:34:11Z" data-provider="fetchData" finished-at="2017-08-23T11:36:10Z">
          <params>
            <param index="0">
              <value>
                <![CDATA[radham@expertus.com]]>
              </value>
            </param>
            <param index="1">
              <value>
                <![CDATA[password]]>
              </value>
            </param>
          </params>
          <exception class="org.openqa.selenium.NoSuchElementException">
            <message>
              <![CDATA[no such element: Unable to locate element: {"method":"xpath","selector":"//*[@id='content_listing_panel']/div[2]/ul/li[2]/a"}
  (Session info: chrome=60.0.3112.90)
  (Driver info: chromedriver=2.29.461571 (8a88bbe0775e2a23afda0ceaf2ef7ee74e822cc5),platform=Linux 4.4.0-31-generic x86_64) (WARNING: The server did not provide any stacktrace information)
Command duration or timeout: 30.06 seconds
For documentation on this error, please visit: http://seleniumhq.org/exceptions/no_such_element.html
Build info: version: '3.1.0', revision: 'b94c902', time: '2017-02-16 12:21:31 -0800'
System info: host: 'user', ip: '127.0.1.1', os.name: 'Linux', os.arch: 'amd64', os.version: '4.4.0-31-generic', java.version: '1.8.0_121'
Driver info: org.openqa.selenium.chrome.ChromeDriver
Capabilities [{applicationCacheEnabled=false, rotatable=false, mobileEmulationEnabled=false, networkConnectionEnabled=false, chrome={chromedriverVersion=2.29.461571 (8a88bbe0775e2a23afda0ceaf2ef7ee74e822cc5), userDataDir=/tmp/.org.chromium.Chromium.B4pQfC}, takesHeapSnapshot=true, pageLoadStrategy=normal, databaseEnabled=false, handlesAlerts=true, hasTouchScreen=false, version=60.0.3112.90, platform=LINUX, browserConnectionEnabled=false, nativeEvents=true, acceptSslCerts=true, locationContextEnabled=true, webStorageEnabled=true, browserName=chrome, takesScreenshot=true, javascriptEnabled=true, cssSelectorsEnabled=true, unexpectedAlertBehaviour=}]
Session ID: 2ff0fea7efd0bbcaa62245d270fa3d0a
*** Element info: {Using=xpath, value=//*[@id='content_listing_panel']/div[2]/ul/li[2]/a}]]>
            </message>
            <full-stacktrace>
              <![CDATA[org.openqa.selenium.NoSuchElementException: no such element: Unable to locate element: {"method":"xpath","selector":"//*[@id='content_listing_panel']/div[2]/ul/li[2]/a"}
  (Session info: chrome=60.0.3112.90)
  (Driver info: chromedriver=2.29.461571 (8a88bbe0775e2a23afda0ceaf2ef7ee74e822cc5),platform=Linux 4.4.0-31-generic x86_64) (WARNING: The server did not provide any stacktrace information)
Command duration or timeout: 30.06 seconds
For documentation on this error, please visit: http://seleniumhq.org/exceptions/no_such_element.html
Build info: version: '3.1.0', revision: 'b94c902', time: '2017-02-16 12:21:31 -0800'
System info: host: 'user', ip: '127.0.1.1', os.name: 'Linux', os.arch: 'amd64', os.version: '4.4.0-31-generic', java.version: '1.8.0_121'
Driver info: org.openqa.selenium.chrome.ChromeDriver
Capabilities [{applicationCacheEnabled=false, rotatable=false, mobileEmulationEnabled=false, networkConnectionEnabled=false, chrome={chromedriverVersion=2.29.461571 (8a88bbe0775e2a23afda0ceaf2ef7ee74e822cc5), userDataDir=/tmp/.org.chromium.Chromium.B4pQfC}, takesHeapSnapshot=true, pageLoadStrategy=normal, databaseEnabled=false, handlesAlerts=true, hasTouchScreen=false, version=60.0.3112.90, platform=LINUX, browserConnectionEnabled=false, nativeEvents=true, acceptSslCerts=true, locationContextEnabled=true, webStorageEnabled=true, browserName=chrome, takesScreenshot=true, javascriptEnabled=true, cssSelectorsEnabled=true, unexpectedAlertBehaviour=}]
Session ID: 2ff0fea7efd0bbcaa62245d270fa3d0a
*** Element info: {Using=xpath, value=//*[@id='content_listing_panel']/div[2]/ul/li[2]/a}
	at sun.reflect.NativeConstructorAccessorImpl.newInstance0(Native Method)
	at sun.reflect.NativeConstructorAccessorImpl.newInstance(NativeConstructorAccessorImpl.java:62)
	at sun.reflect.DelegatingConstructorAccessorImpl.newInstance(DelegatingConstructorAccessorImpl.java:45)
	at java.lang.reflect.Constructor.newInstance(Constructor.java:423)
	at org.openqa.selenium.remote.ErrorHandler.createThrowable(ErrorHandler.java:216)
	at org.openqa.selenium.remote.ErrorHandler.throwIfResponseFailed(ErrorHandler.java:168)
	at org.openqa.selenium.remote.RemoteWebDriver.execute(RemoteWebDriver.java:635)
	at org.openqa.selenium.remote.RemoteWebDriver.findElement(RemoteWebDriver.java:368)
	at org.openqa.selenium.remote.RemoteWebDriver.findElementByXPath(RemoteWebDriver.java:473)
	at org.openqa.selenium.By$ByXPath.findElement(By.java:361)
	at org.openqa.selenium.remote.RemoteWebDriver.findElement(RemoteWebDriver.java:360)
	at pages.CreateCourseByAudioVideo.clickApply(CreateCourseByAudioVideo.java:84)
	at testcases.CreationOfCourseByAudioVideo.createcontent(CreationOfCourseByAudioVideo.java:46)
	at sun.reflect.NativeMethodAccessorImpl.invoke0(Native Method)
	at sun.reflect.NativeMethodAccessorImpl.invoke(NativeMethodAccessorImpl.java:62)
	at sun.reflect.DelegatingMethodAccessorImpl.invoke(DelegatingMethodAccessorImpl.java:43)
	at java.lang.reflect.Method.invoke(Method.java:498)
	at org.testng.internal.MethodInvocationHelper.invokeMethod(MethodInvocationHelper.java:108)
	at org.testng.internal.Invoker.invokeMethod(Invoker.java:661)
	at org.testng.internal.Invoker.invokeTestMethod(Invoker.java:869)
	at org.testng.internal.Invoker.invokeTestMethods(Invoker.java:1193)
	at org.testng.internal.TestMethodWorker.invokeTestMethods(TestMethodWorker.java:126)
	at org.testng.internal.TestMethodWorker.run(TestMethodWorker.java:109)
	at org.testng.TestRunner.privateRun(TestRunner.java:744)
	at org.testng.TestRunner.run(TestRunner.java:602)
	at org.testng.SuiteRunner.runTest(SuiteRunner.java:380)
	at org.testng.SuiteRunner.runSequentially(SuiteRunner.java:375)
	at org.testng.SuiteRunner.privateRun(SuiteRunner.java:340)
	at org.testng.SuiteRunner.run(SuiteRunner.java:289)
	at org.testng.SuiteRunnerWorker.runSuite(SuiteRunnerWorker.java:52)
	at org.testng.SuiteRunnerWorker.run(SuiteRunnerWorker.java:86)
	at org.testng.TestNG.runSuitesSequentially(TestNG.java:1301)
	at org.testng.TestNG.runSuitesLocally(TestNG.java:1226)
	at org.testng.TestNG.runSuites(TestNG.java:1144)
	at org.testng.TestNG.run(TestNG.java:1115)
	at org.testng.remote.AbstractRemoteTestNG.run(AbstractRemoteTestNG.java:132)
	at org.testng.remote.RemoteTestNG.initAndRun(RemoteTestNG.java:230)
	at org.testng.remote.RemoteTestNG.main(RemoteTestNG.java:76)
]]>
            </full-stacktrace>
          </exception> <!-- org.openqa.selenium.NoSuchElementException -->
          <reporter-output>
          </reporter-output>
        </test-method> <!-- createcontent -->
        <test-method status="PASS" signature="afterMethod()[pri:0, instance:testcases.CreationOfCourseByAudioVideo@1d8d30f7]" name="afterMethod" is-config="true" duration-ms="127" started-at="2017-08-23T11:36:10Z" finished-at="2017-08-23T11:36:10Z">
          <reporter-output>
          </reporter-output>
        </test-method> <!-- afterMethod -->
      </class> <!-- testcases.CreationOfCourseByAudioVideo -->
      <class name="testcases.CreationOfBundle">
        <test-method status="PASS" signature="setValues(java.lang.String)[pri:0, instance:testcases.CreationOfBundle@58c1670b]" name="setValues" is-config="true" duration-ms="0" started-at="2017-08-23T11:41:33Z" finished-at="2017-08-23T11:41:33Z">
          <params>
            <param index="0">
              <value>
                <![CDATA[chrome]]>
              </value>
            </param>
          </params>
          <reporter-output>
          </reporter-output>
        </test-method> <!-- setValues -->
        <test-method status="PASS" signature="beforeMethod()[pri:0, instance:testcases.CreationOfBundle@58c1670b]" name="beforeMethod" is-config="true" duration-ms="9982" started-at="2017-08-23T11:41:33Z" finished-at="2017-08-23T11:41:43Z">
          <reporter-output>
          </reporter-output>
        </test-method> <!-- beforeMethod -->
        <test-method status="PASS" signature="createcontent(java.lang.String, java.lang.String)[pri:0, instance:testcases.CreationOfBundle@58c1670b]" name="createcontent" duration-ms="77613" started-at="2017-08-23T11:41:43Z" data-provider="fetchData" finished-at="2017-08-23T11:43:00Z">
          <params>
            <param index="0">
              <value>
                <![CDATA[radham@expertus.com]]>
              </value>
            </param>
            <param index="1">
              <value>
                <![CDATA[password]]>
              </value>
            </param>
          </params>
          <reporter-output>
          </reporter-output>
        </test-method> <!-- createcontent -->
        <test-method status="PASS" signature="afterMethod()[pri:0, instance:testcases.CreationOfBundle@58c1670b]" name="afterMethod" is-config="true" duration-ms="80" started-at="2017-08-23T11:43:00Z" finished-at="2017-08-23T11:43:00Z">
          <reporter-output>
          </reporter-output>
        </test-method> <!-- afterMethod -->
      </class> <!-- testcases.CreationOfBundle -->
      <class name="testcases.CreationOfLiveEvents">
        <test-method status="PASS" signature="setValues(java.lang.String)[pri:0, instance:testcases.CreationOfLiveEvents@9a7504c]" name="setValues" is-config="true" duration-ms="0" started-at="2017-08-23T11:38:41Z" finished-at="2017-08-23T11:38:41Z">
          <params>
            <param index="0">
              <value>
                <![CDATA[chrome]]>
              </value>
            </param>
          </params>
          <reporter-output>
          </reporter-output>
        </test-method> <!-- setValues -->
        <test-method status="PASS" signature="beforeMethod()[pri:0, instance:testcases.CreationOfLiveEvents@9a7504c]" name="beforeMethod" is-config="true" duration-ms="7670" started-at="2017-08-23T11:38:41Z" finished-at="2017-08-23T11:38:49Z">
          <reporter-output>
          </reporter-output>
        </test-method> <!-- beforeMethod -->
        <test-method status="PASS" signature="createcontent(java.lang.String, java.lang.String)[pri:0, instance:testcases.CreationOfLiveEvents@9a7504c]" name="createcontent" duration-ms="53783" started-at="2017-08-23T11:38:49Z" data-provider="fetchData" finished-at="2017-08-23T11:39:42Z">
          <params>
            <param index="0">
              <value>
                <![CDATA[radham@expertus.com]]>
              </value>
            </param>
            <param index="1">
              <value>
                <![CDATA[password]]>
              </value>
            </param>
          </params>
          <reporter-output>
          </reporter-output>
        </test-method> <!-- createcontent -->
        <test-method status="PASS" signature="afterMethod()[pri:0, instance:testcases.CreationOfLiveEvents@9a7504c]" name="afterMethod" is-config="true" duration-ms="73" started-at="2017-08-23T11:39:42Z" finished-at="2017-08-23T11:39:42Z">
          <reporter-output>
          </reporter-output>
        </test-method> <!-- afterMethod -->
      </class> <!-- testcases.CreationOfLiveEvents -->
      <class name="testcases.CreationOfContentCourseByVideoAudioEmbed">
        <test-method status="PASS" signature="setValues(java.lang.String)[pri:0, instance:testcases.CreationOfContentCourseByVideoAudioEmbed@32d2fa64]" name="setValues" is-config="true" duration-ms="1" started-at="2017-08-23T11:32:10Z" finished-at="2017-08-23T11:32:10Z">
          <params>
            <param index="0">
              <value>
                <![CDATA[chrome]]>
              </value>
            </param>
          </params>
          <reporter-output>
          </reporter-output>
        </test-method> <!-- setValues -->
        <test-method status="PASS" signature="beforeMethod()[pri:0, instance:testcases.CreationOfContentCourseByVideoAudioEmbed@32d2fa64]" name="beforeMethod" is-config="true" duration-ms="12043" started-at="2017-08-23T11:32:10Z" finished-at="2017-08-23T11:32:22Z">
          <reporter-output>
          </reporter-output>
        </test-method> <!-- beforeMethod -->
        <test-method status="PASS" signature="createcontent(java.lang.String, java.lang.String)[pri:0, instance:testcases.CreationOfContentCourseByVideoAudioEmbed@32d2fa64]" name="createcontent" duration-ms="99390" started-at="2017-08-23T11:32:22Z" data-provider="fetchData" finished-at="2017-08-23T11:34:01Z">
          <params>
            <param index="0">
              <value>
                <![CDATA[radham@expertus.com]]>
              </value>
            </param>
            <param index="1">
              <value>
                <![CDATA[password]]>
              </value>
            </param>
          </params>
          <reporter-output>
          </reporter-output>
        </test-method> <!-- createcontent -->
        <test-method status="PASS" signature="afterMethod()[pri:0, instance:testcases.CreationOfContentCourseByVideoAudioEmbed@32d2fa64]" name="afterMethod" is-config="true" duration-ms="86" started-at="2017-08-23T11:34:01Z" finished-at="2017-08-23T11:34:01Z">
          <reporter-output>
          </reporter-output>
        </test-method> <!-- afterMethod -->
      </class> <!-- testcases.CreationOfContentCourseByVideoAudioEmbed -->
      <class name="testcases.CreationOfInPersonEvents">
        <test-method status="PASS" signature="setValues(java.lang.String)[pri:0, instance:testcases.CreationOfInPersonEvents@2c039ac6]" name="setValues" is-config="true" duration-ms="0" started-at="2017-08-23T11:39:42Z" finished-at="2017-08-23T11:39:42Z">
          <params>
            <param index="0">
              <value>
                <![CDATA[chrome]]>
              </value>
            </param>
          </params>
          <reporter-output>
          </reporter-output>
        </test-method> <!-- setValues -->
        <test-method status="PASS" signature="beforeMethod()[pri:0, instance:testcases.CreationOfInPersonEvents@2c039ac6]" name="beforeMethod" is-config="true" duration-ms="7976" started-at="2017-08-23T11:39:42Z" finished-at="2017-08-23T11:39:50Z">
          <reporter-output>
          </reporter-output>
        </test-method> <!-- beforeMethod -->
        <test-method status="PASS" signature="createcontent(java.lang.String, java.lang.String)[pri:0, instance:testcases.CreationOfInPersonEvents@2c039ac6]" name="createcontent" duration-ms="46098" started-at="2017-08-23T11:39:50Z" data-provider="fetchData" finished-at="2017-08-23T11:40:37Z">
          <params>
            <param index="0">
              <value>
                <![CDATA[radham@expertus.com]]>
              </value>
            </param>
            <param index="1">
              <value>
                <![CDATA[password]]>
              </value>
            </param>
          </params>
          <reporter-output>
          </reporter-output>
        </test-method> <!-- createcontent -->
        <test-method status="PASS" signature="afterMethod()[pri:0, instance:testcases.CreationOfInPersonEvents@2c039ac6]" name="afterMethod" is-config="true" duration-ms="80" started-at="2017-08-23T11:40:37Z" finished-at="2017-08-23T11:40:37Z">
          <reporter-output>
          </reporter-output>
        </test-method> <!-- afterMethod -->
      </class> <!-- testcases.CreationOfInPersonEvents -->
      <class name="testcases.CreationOfCertificate">
        <test-method status="PASS" signature="setValues(java.lang.String)[pri:0, instance:testcases.CreationOfCertificate@3e57cd70]" name="setValues" is-config="true" duration-ms="1" started-at="2017-08-23T11:36:10Z" finished-at="2017-08-23T11:36:10Z">
          <params>
            <param index="0">
              <value>
                <![CDATA[chrome]]>
              </value>
            </param>
          </params>
          <reporter-output>
          </reporter-output>
        </test-method> <!-- setValues -->
        <test-method status="PASS" signature="beforeMethod()[pri:0, instance:testcases.CreationOfCertificate@3e57cd70]" name="beforeMethod" is-config="true" duration-ms="7673" started-at="2017-08-23T11:36:10Z" finished-at="2017-08-23T11:36:17Z">
          <reporter-output>
          </reporter-output>
        </test-method> <!-- beforeMethod -->
        <test-method status="FAIL" signature="createcontent(java.lang.String, java.lang.String)[pri:0, instance:testcases.CreationOfCertificate@3e57cd70]" name="createcontent" duration-ms="143386" started-at="2017-08-23T11:36:17Z" data-provider="fetchData" finished-at="2017-08-23T11:38:41Z">
          <params>
            <param index="0">
              <value>
                <![CDATA[radham@expertus.com]]>
              </value>
            </param>
            <param index="1">
              <value>
                <![CDATA[password]]>
              </value>
            </param>
          </params>
          <exception class="org.openqa.selenium.TimeoutException">
            <message>
              <![CDATA[Expected condition failed: waiting for visibility of element located by By.className: button orange save_button (tried for 20 second(s) with 500 MILLISECONDS interval)]]>
            </message>
            <full-stacktrace>
              <![CDATA[org.openqa.selenium.TimeoutException: Expected condition failed: waiting for visibility of element located by By.className: button orange save_button (tried for 20 second(s) with 500 MILLISECONDS interval)
	at org.openqa.selenium.support.ui.WebDriverWait.timeoutException(WebDriverWait.java:80)
	at org.openqa.selenium.support.ui.FluentWait.until(FluentWait.java:257)
	at pages.CreationOfCertification.clickSave1Button(CreationOfCertification.java:160)
	at testcases.CreationOfCertificate.createcontent(CreationOfCertificate.java:58)
	at sun.reflect.NativeMethodAccessorImpl.invoke0(Native Method)
	at sun.reflect.NativeMethodAccessorImpl.invoke(NativeMethodAccessorImpl.java:62)
	at sun.reflect.DelegatingMethodAccessorImpl.invoke(DelegatingMethodAccessorImpl.java:43)
	at java.lang.reflect.Method.invoke(Method.java:498)
	at org.testng.internal.MethodInvocationHelper.invokeMethod(MethodInvocationHelper.java:108)
	at org.testng.internal.Invoker.invokeMethod(Invoker.java:661)
	at org.testng.internal.Invoker.invokeTestMethod(Invoker.java:869)
	at org.testng.internal.Invoker.invokeTestMethods(Invoker.java:1193)
	at org.testng.internal.TestMethodWorker.invokeTestMethods(TestMethodWorker.java:126)
	at org.testng.internal.TestMethodWorker.run(TestMethodWorker.java:109)
	at org.testng.TestRunner.privateRun(TestRunner.java:744)
	at org.testng.TestRunner.run(TestRunner.java:602)
	at org.testng.SuiteRunner.runTest(SuiteRunner.java:380)
	at org.testng.SuiteRunner.runSequentially(SuiteRunner.java:375)
	at org.testng.SuiteRunner.privateRun(SuiteRunner.java:340)
	at org.testng.SuiteRunner.run(SuiteRunner.java:289)
	at org.testng.SuiteRunnerWorker.runSuite(SuiteRunnerWorker.java:52)
	at org.testng.SuiteRunnerWorker.run(SuiteRunnerWorker.java:86)
	at org.testng.TestNG.runSuitesSequentially(TestNG.java:1301)
	at org.testng.TestNG.runSuitesLocally(TestNG.java:1226)
	at org.testng.TestNG.runSuites(TestNG.java:1144)
	at org.testng.TestNG.run(TestNG.java:1115)
	at org.testng.remote.AbstractRemoteTestNG.run(AbstractRemoteTestNG.java:132)
	at org.testng.remote.RemoteTestNG.initAndRun(RemoteTestNG.java:230)
	at org.testng.remote.RemoteTestNG.main(RemoteTestNG.java:76)
Caused by: org.openqa.selenium.InvalidSelectorException: invalid selector: Compound class names not permitted
  (Session info: chrome=60.0.3112.90)
  (Driver info: chromedriver=2.29.461571 (8a88bbe0775e2a23afda0ceaf2ef7ee74e822cc5),platform=Linux 4.4.0-31-generic x86_64) (WARNING: The server did not provide any stacktrace information)
Command duration or timeout: 10 milliseconds
For documentation on this error, please visit: http://seleniumhq.org/exceptions/invalid_selector_exception.html
Build info: version: '3.1.0', revision: 'b94c902', time: '2017-02-16 12:21:31 -0800'
System info: host: 'user', ip: '127.0.1.1', os.name: 'Linux', os.arch: 'amd64', os.version: '4.4.0-31-generic', java.version: '1.8.0_121'
Driver info: org.openqa.selenium.chrome.ChromeDriver
Capabilities [{applicationCacheEnabled=false, rotatable=false, mobileEmulationEnabled=false, networkConnectionEnabled=false, chrome={chromedriverVersion=2.29.461571 (8a88bbe0775e2a23afda0ceaf2ef7ee74e822cc5), userDataDir=/tmp/.org.chromium.Chromium.Aba7II}, takesHeapSnapshot=true, pageLoadStrategy=normal, databaseEnabled=false, handlesAlerts=true, hasTouchScreen=false, version=60.0.3112.90, platform=LINUX, browserConnectionEnabled=false, nativeEvents=true, acceptSslCerts=true, locationContextEnabled=true, webStorageEnabled=true, browserName=chrome, takesScreenshot=true, javascriptEnabled=true, cssSelectorsEnabled=true, unexpectedAlertBehaviour=}]
Session ID: 856bf73e9611ff65d6c4b4cfe893dead
*** Element info: {Using=class name, value=button orange save_button}
	at sun.reflect.GeneratedConstructorAccessor15.newInstance(Unknown Source)
	at sun.reflect.DelegatingConstructorAccessorImpl.newInstance(DelegatingConstructorAccessorImpl.java:45)
	at java.lang.reflect.Constructor.newInstance(Constructor.java:423)
	at org.openqa.selenium.remote.ErrorHandler.createThrowable(ErrorHandler.java:216)
	at org.openqa.selenium.remote.ErrorHandler.throwIfResponseFailed(ErrorHandler.java:168)
	at org.openqa.selenium.remote.RemoteWebDriver.execute(RemoteWebDriver.java:635)
	at org.openqa.selenium.remote.RemoteWebDriver.findElements(RemoteWebDriver.java:393)
	at org.openqa.selenium.remote.RemoteWebDriver.findElementsByClassName(RemoteWebDriver.java:461)
	at org.openqa.selenium.By$ByClassName.findElements(By.java:383)
	at org.openqa.selenium.remote.RemoteWebDriver.findElements(RemoteWebDriver.java:356)
	at org.openqa.selenium.support.ui.ExpectedConditions.findElement(ExpectedConditions.java:895)
	at org.openqa.selenium.support.ui.ExpectedConditions.access$000(ExpectedConditions.java:41)
	at org.openqa.selenium.support.ui.ExpectedConditions$7.apply(ExpectedConditions.java:205)
	at org.openqa.selenium.support.ui.ExpectedConditions$7.apply(ExpectedConditions.java:201)
	at org.openqa.selenium.support.ui.FluentWait.until(FluentWait.java:234)
	... 27 more
]]>
            </full-stacktrace>
          </exception> <!-- org.openqa.selenium.TimeoutException -->
          <reporter-output>
          </reporter-output>
        </test-method> <!-- createcontent -->
        <test-method status="PASS" signature="afterMethod()[pri:0, instance:testcases.CreationOfCertificate@3e57cd70]" name="afterMethod" is-config="true" duration-ms="76" started-at="2017-08-23T11:38:41Z" finished-at="2017-08-23T11:38:41Z">
          <reporter-output>
          </reporter-output>
        </test-method> <!-- afterMethod -->
      </class> <!-- testcases.CreationOfCertificate -->
    </test> <!-- Test -->
  </suite> <!-- Suite -->
</testng-results>
